2021-07-25 23:52:15 INFO 开始计算 conftest.py:13
2021-07-25 23:52:15 INFO 计算1+2,预期结果为3 test_calc.py:37
2021-07-25 23:52:15 INFO 结束运算 conftest.py:16
2021-07-25 23:52:15 INFO 开始计算 conftest.py:13
2021-07-25 23:52:15 INFO 计算-1+-2,预期结果为-3 test_calc.py:37
2021-07-25 23:52:15 INFO 结束运算 conftest.py:16
2021-07-25 23:52:15 INFO 开始计算 conftest.py:13
2021-07-25 23:52:15 INFO 计算1+-2,预期结果为-1 test_calc.py:37
2021-07-25 23:52:15 INFO 结束运算 conftest.py:16
2021-07-25 23:52:15 INFO 开始计算 conftest.py:13
2021-07-25 23:52:15 INFO 计算-1+2,预期结果为1 test_calc.py:37
2021-07-25 23:52:15 INFO 结束运算 conftest.py:16
2021-07-25 23:52:15 INFO 开始计算 conftest.py:13
2021-07-25 23:52:15 INFO 计算0.1+0.2,预期结果为0.3 test_calc.py:37
2021-07-25 23:52:15 INFO 结束运算 conftest.py:16
2021-07-25 23:52:15 INFO 开始计算 conftest.py:13
2021-07-25 23:52:15 INFO 计算0+0,预期结果为0 test_calc.py:37
2021-07-25 23:52:15 INFO 结束运算 conftest.py:16
2021-07-25 23:52:15 INFO 开始计算 conftest.py:13
2021-07-25 23:52:15 INFO 计算-0.1+-0.2,预期结果为-0.3 test_calc.py:37
2021-07-25 23:52:15 INFO 结束运算 conftest.py:16
2021-07-25 23:52:15 INFO 开始计算 conftest.py:13
2021-07-25 23:52:15 INFO 计算-0.1+2,预期结果为1.9 test_calc.py:37
2021-07-25 23:52:15 INFO 结束运算 conftest.py:16
2021-07-25 23:52:15 INFO 开始计算 conftest.py:13
2021-07-25 23:52:15 INFO 计算-0.1+-2,预期结果为-2.1 test_calc.py:37
2021-07-25 23:52:15 INFO 结束运算 conftest.py:16
2021-07-25 23:52:15 INFO 开始计算 conftest.py:13
2021-07-25 23:52:15 INFO 计算inf+inf,预期结果为inf test_calc.py:37
2021-07-25 23:52:15 INFO 结束运算 conftest.py:16
2021-07-25 23:52:15 INFO 开始计算 conftest.py:13
2021-07-25 23:52:15 INFO 计算a+1,预期结果为TypError异常 test_calc.py:46
2021-07-25 23:52:15 INFO 结束运算 conftest.py:16
2021-07-25 23:52:15 INFO 开始计算 conftest.py:13
2021-07-25 23:52:15 INFO 计算2-1,预期结果为1 test_calc.py:59
2021-07-25 23:52:15 INFO 结束运算 conftest.py:16
2021-07-25 23:52:15 INFO 开始计算 conftest.py:13
2021-07-25 23:52:15 INFO 计算1-2,预期结果为-1 test_calc.py:59
2021-07-25 23:52:15 INFO 结束运算 conftest.py:16
2021-07-25 23:52:15 INFO 开始计算 conftest.py:13
2021-07-25 23:52:15 INFO 计算1-1,预期结果为0 test_calc.py:59
2021-07-25 23:52:15 INFO 结束运算 conftest.py:16
2021-07-25 23:52:15 INFO 开始计算 conftest.py:13
2021-07-25 23:52:15 INFO 计算2--1,预期结果为3 test_calc.py:59
2021-07-25 23:52:15 INFO 结束运算 conftest.py:16
2021-07-25 23:52:15 INFO 开始计算 conftest.py:13
2021-07-25 23:52:15 INFO 计算-1-1,预期结果为-2 test_calc.py:59
2021-07-25 23:52:15 INFO 结束运算 conftest.py:16
2021-07-25 23:52:15 INFO 开始计算 conftest.py:13
2021-07-25 23:52:15 INFO 计算1-1.1,预期结果为-0.1 test_calc.py:59
2021-07-25 23:52:15 INFO 结束运算 conftest.py:16
2021-07-25 23:52:15 INFO 开始计算 conftest.py:13
2021-07-25 23:52:15 INFO 计算1--1.1,预期结果为2.1 test_calc.py:59
2021-07-25 23:52:15 INFO 结束运算 conftest.py:16
2021-07-25 23:52:15 INFO 开始计算 conftest.py:13
2021-07-25 23:52:15 INFO 计算-1--1,预期结果为0 test_calc.py:59
2021-07-25 23:52:15 INFO 结束运算 conftest.py:16
2021-07-25 23:52:15 INFO 开始计算 conftest.py:13
2021-07-25 23:52:15 INFO 计算0-1,预期结果为-1 test_calc.py:59
2021-07-25 23:52:15 INFO 结束运算 conftest.py:16
2021-07-25 23:52:15 INFO 开始计算 conftest.py:13
2021-07-25 23:52:15 INFO 计算1-0,预期结果为1 test_calc.py:59
2021-07-25 23:52:15 INFO 结束运算 conftest.py:16
2021-07-25 23:52:15 INFO 开始计算 conftest.py:13
2021-07-25 23:52:15 INFO 计算-1.1--1,预期结果为-0.1 test_calc.py:59
2021-07-25 23:52:15 INFO 结束运算 conftest.py:16
2021-07-25 23:52:15 INFO 开始计算 conftest.py:13
2021-07-25 23:52:15 INFO 计算-1.1-1,预期结果为-2.1 test_calc.py:59
2021-07-25 23:52:15 INFO 结束运算 conftest.py:16
2021-07-25 23:52:15 INFO 开始计算 conftest.py:13
2021-07-25 23:52:15 INFO 计算a-1,预期结果为TypeError异常 test_calc.py:67
2021-07-25 23:52:15 INFO 结束运算 conftest.py:16
2021-07-25 23:52:15 INFO 开始计算 conftest.py:13
2021-07-25 23:52:15 INFO 计算1/1,预期结果为1 test_calc.py:80
2021-07-25 23:52:15 INFO 结束运算 conftest.py:16
2021-07-25 23:52:15 INFO 开始计算 conftest.py:13
2021-07-25 23:52:15 INFO 计算1/-1,预期结果为-1 test_calc.py:80
2021-07-25 23:52:15 INFO 结束运算 conftest.py:16
2021-07-25 23:52:15 INFO 开始计算 conftest.py:13
2021-07-25 23:52:15 INFO 计算-1/1,预期结果为-1 test_calc.py:80
2021-07-25 23:52:15 INFO 结束运算 conftest.py:16
2021-07-25 23:52:15 INFO 开始计算 conftest.py:13
2021-07-25 23:52:15 INFO 计算0/-1,预期结果为0 test_calc.py:80
2021-07-25 23:52:15 INFO 结束运算 conftest.py:16
2021-07-25 23:52:15 INFO 开始计算 conftest.py:13
2021-07-25 23:52:15 INFO 计算-0.1/-0.1,预期结果为1 test_calc.py:80
2021-07-25 23:52:15 INFO 结束运算 conftest.py:16
2021-07-25 23:52:15 INFO 开始计算 conftest.py:13
2021-07-25 23:52:15 INFO 计算1/0.1,预期结果为10 test_calc.py:80
2021-07-25 23:52:15 INFO 结束运算 conftest.py:16
2021-07-25 23:52:15 INFO 开始计算 conftest.py:13
2021-07-25 23:52:15 INFO 计算1/1,预期结果为TypeError异常 test_calc.py:88
2021-07-25 23:52:15 INFO 结束运算 conftest.py:16
2021-07-25 23:52:15 INFO 开始计算 conftest.py:13
2021-07-25 23:52:15 INFO 计算1/0,预期结果为ZeroDivisionError异常 test_calc.py:88
2021-07-25 23:52:15 INFO 结束运算 conftest.py:16
2021-07-25 23:52:15 INFO 开始计算 conftest.py:13
2021-07-25 23:52:15 INFO 计算1*1,预期结果为1 test_calc.py:100
2021-07-25 23:52:15 INFO 结束运算 conftest.py:16
2021-07-25 23:52:15 INFO 开始计算 conftest.py:13
2021-07-25 23:52:15 INFO 计算-1*-1,预期结果为1 test_calc.py:100
2021-07-25 23:52:15 INFO 结束运算 conftest.py:16
2021-07-25 23:52:15 INFO 开始计算 conftest.py:13
2021-07-25 23:52:15 INFO 计算-1*2,预期结果为-2 test_calc.py:100
2021-07-25 23:52:15 INFO 结束运算 conftest.py:16
2021-07-25 23:52:15 INFO 开始计算 conftest.py:13
2021-07-25 23:52:15 INFO 计算1*0,预期结果为0 test_calc.py:100
2021-07-25 23:52:15 INFO 结束运算 conftest.py:16
2021-07-25 23:52:15 INFO 开始计算 conftest.py:13
2021-07-25 23:52:15 INFO 计算0*1,预期结果为0 test_calc.py:100
2021-07-25 23:52:15 INFO 结束运算 conftest.py:16
2021-07-25 23:52:15 INFO 开始计算 conftest.py:13
2021-07-25 23:52:15 INFO 计算1.1*1,预期结果为1.1 test_calc.py:100
2021-07-25 23:52:15 INFO 结束运算 conftest.py:16
2021-07-25 23:52:15 INFO 开始计算 conftest.py:13
2021-07-25 23:52:15 INFO 计算-1.1*1,预期结果为-1.1 test_calc.py:100
2021-07-25 23:52:15 INFO 结束运算 conftest.py:16
2021-07-25 23:52:15 INFO 开始计算 conftest.py:13
2021-07-25 23:52:15 INFO 计算a*1,预期结果为TypeError异常 test_calc.py:108
2021-07-25 23:52:15 INFO 结束运算 conftest.py:16
